# JRE version: OpenJDK Runtime Environment (23.0+37) (build 23+37-2369)
# Java VM: OpenJDK 64-Bit Server VM (23+37-2369, mixed mode, sharing, tiered, compressed oops, compressed class ptrs, g1 gc, windows-amd64)
GC Precious Log:
 CardTable entry size: 512
 Card Set container configuration: InlinePtr #cards 4 size 8 Array Of Cards #cards 32 size 80 Howl #buckets 8 coarsen threshold 7372 Howl Bitmap #cards 1024 size 144 coarsen threshold 921 Card regions per heap region 1 cards per card region 8192
 CPUs: 16 total, 16 available
 Memory: 24341M
 Large Page Support: Disabled
 NUMA Support: Disabled
 Compressed Oops: Enabled (Zero based)
 Heap Region Size: 4M
 Heap Min Capacity: 8M
 Heap Initial Capacity: 384M
 Heap Max Capacity: 6088M
 Pre-touch: Disabled
 Parallel Workers: 13
 Concurrent Workers: 3
 Concurrent Refinement Workers: 13
 Periodic GC: Disabled
Heap:
 garbage-first heap   total reserved 6234112K, committed 90112K, used 57265K [0x0000000683800000, 0x0000000800000000)
  region size 4096K, 4 young (16384K), 1 survivors (4096K)
 Metaspace       used 96012K, committed 96832K, reserved 1179648K
  class space    used 12924K, committed 13312K, reserved 1048576K
GC Heap History (20 events):
Event: 6.473 GC heap before
{Heap before GC invocations=13 (full 0):
 garbage-first heap   total reserved 6234112K, committed 81920K, used 63036K [0x0000000683800000, 0x0000000800000000)
  region size 4096K, 9 young (36864K), 2 survivors (8192K)
 Metaspace       used 67274K, committed 67904K, reserved 1114112K
  class space    used 9320K, committed 9600K, reserved 1048576K
}
Event: 6.476 GC heap after
{Heap after GC invocations=14 (full 0):
 garbage-first heap   total reserved 6234112K, committed 81920K, used 36250K [0x0000000683800000, 0x0000000800000000)
  region size 4096K, 1 young (4096K), 1 survivors (4096K)
 Metaspace       used 67274K, committed 67904K, reserved 1114112K
  class space    used 9320K, committed 9600K, reserved 1048576K
}
Event: 7.066 GC heap before
{Heap before GC invocations=14 (full 0):
 garbage-first heap   total reserved 6234112K, committed 81920K, used 69018K [0x0000000683800000, 0x0000000800000000)
  region size 4096K, 9 young (36864K), 1 survivors (4096K)
 Metaspace       used 72510K, committed 73152K, reserved 1114112K
  class space    used 10043K, committed 10304K, reserved 1048576K
}
Event: 7.069 GC heap after
{Heap after GC invocations=15 (full 0):
 garbage-first heap   total reserved 6234112K, committed 81920K, used 38658K [0x0000000683800000, 0x0000000800000000)
  region size 4096K, 2 young (8192K), 2 survivors (8192K)
 Metaspace       used 72510K, committed 73152K, reserved 1114112K
  class space    used 10043K, committed 10304K, reserved 1048576K
}
Event: 7.494 GC heap before
{Heap before GC invocations=15 (full 0):
 garbage-first heap   total reserved 6234112K, committed 81920K, used 67330K [0x0000000683800000, 0x0000000800000000)
  region size 4096K, 9 young (36864K), 2 survivors (8192K)
 Metaspace       used 75910K, committed 76608K, reserved 1179648K
  class space    used 10576K, committed 10880K, reserved 1048576K
}
Event: 7.500 GC heap after
{Heap after GC invocations=16 (full 0):
 garbage-first heap   total reserved 6234112K, committed 81920K, used 41728K [0x0000000683800000, 0x0000000800000000)
  region size 4096K, 2 young (8192K), 2 survivors (8192K)
 Metaspace       used 75910K, committed 76608K, reserved 1179648K
  class space    used 10576K, committed 10880K, reserved 1048576K
}
Event: 7.831 GC heap before
{Heap before GC invocations=16 (full 0):
 garbage-first heap   total reserved 6234112K, committed 81920K, used 62208K [0x0000000683800000, 0x0000000800000000)
  region size 4096K, 8 young (32768K), 2 survivors (8192K)
 Metaspace       used 78487K, committed 79168K, reserved 1179648K
  class space    used 10977K, committed 11264K, reserved 1048576K
}
Event: 7.836 GC heap after
{Heap after GC invocations=17 (full 0):
 garbage-first heap   total reserved 6234112K, committed 81920K, used 44824K [0x0000000683800000, 0x0000000800000000)
  region size 4096K, 1 young (4096K), 1 survivors (4096K)
 Metaspace       used 78487K, committed 79168K, reserved 1179648K
  class space    used 10977K, committed 11264K, reserved 1048576K
}
Event: 8.233 GC heap before
{Heap before GC invocations=17 (full 0):
 garbage-first heap   total reserved 6234112K, committed 81920K, used 69400K [0x0000000683800000, 0x0000000800000000)
  region size 4096K, 7 young (28672K), 1 survivors (4096K)
 Metaspace       used 85051K, committed 85888K, reserved 1179648K
  class space    used 11837K, committed 12224K, reserved 1048576K
}
Event: 8.238 GC heap after
{Heap after GC invocations=18 (full 0):
 garbage-first heap   total reserved 6234112K, committed 81920K, used 47342K [0x0000000683800000, 0x0000000800000000)
  region size 4096K, 1 young (4096K), 1 survivors (4096K)
 Metaspace       used 85051K, committed 85888K, reserved 1179648K
  class space    used 11837K, committed 12224K, reserved 1048576K
}
Event: 8.582 GC heap before
{Heap before GC invocations=19 (full 0):
 garbage-first heap   total reserved 6234112K, committed 81920K, used 67822K [0x0000000683800000, 0x0000000800000000)
  region size 4096K, 7 young (28672K), 1 survivors (4096K)
 Metaspace       used 89981K, committed 90816K, reserved 1179648K
  class space    used 12422K, committed 12800K, reserved 1048576K
}
Event: 8.585 GC heap after
{Heap after GC invocations=20 (full 0):
 garbage-first heap   total reserved 6234112K, committed 81920K, used 49394K [0x0000000683800000, 0x0000000800000000)
  region size 4096K, 1 young (4096K), 1 survivors (4096K)
 Metaspace       used 89981K, committed 90816K, reserved 1179648K
  class space    used 12422K, committed 12800K, reserved 1048576K
}
Event: 14.683 GC heap before
{Heap before GC invocations=20 (full 0):
 garbage-first heap   total reserved 6234112K, committed 81920K, used 69874K [0x0000000683800000, 0x0000000800000000)
  region size 4096K, 6 young (24576K), 1 survivors (4096K)
 Metaspace       used 95349K, committed 96256K, reserved 1179648K
  class space    used 12918K, committed 13312K, reserved 1048576K
}
Event: 14.688 GC heap after
{Heap after GC invocations=21 (full 0):
 garbage-first heap   total reserved 6234112K, committed 81920K, used 49835K [0x0000000683800000, 0x0000000800000000)
  region size 4096K, 1 young (4096K), 1 survivors (4096K)
 Metaspace       used 95349K, committed 96256K, reserved 1179648K
  class space    used 12918K, committed 13312K, reserved 1048576K
}
Event: 77.108 GC heap before
{Heap before GC invocations=21 (full 0):
 garbage-first heap   total reserved 6234112K, committed 81920K, used 70315K [0x0000000683800000, 0x0000000800000000)
  region size 4096K, 6 young (24576K), 1 survivors (4096K)
 Metaspace       used 95723K, committed 96576K, reserved 1179648K
  class space    used 12924K, committed 13312K, reserved 1048576K
}
Event: 77.110 GC heap after
{Heap after GC invocations=22 (full 0):
 garbage-first heap   total reserved 6234112K, committed 81920K, used 49911K [0x0000000683800000, 0x0000000800000000)
  region size 4096K, 1 young (4096K), 1 survivors (4096K)
 Metaspace       used 95723K, committed 96576K, reserved 1179648K
  class space    used 12924K, committed 13312K, reserved 1048576K
}
Event: 141.747 GC heap before
{Heap before GC invocations=23 (full 0):
 garbage-first heap   total reserved 6234112K, committed 90112K, used 66295K [0x0000000683800000, 0x0000000800000000)
  region size 4096K, 5 young (20480K), 1 survivors (4096K)
 Metaspace       used 95761K, committed 96576K, reserved 1179648K
  class space    used 12924K, committed 13312K, reserved 1048576K
}
Event: 141.749 GC heap after
{Heap after GC invocations=24 (full 0):
 garbage-first heap   total reserved 6234112K, committed 90112K, used 49882K [0x0000000683800000, 0x0000000800000000)
  region size 4096K, 1 young (4096K), 1 survivors (4096K)
 Metaspace       used 95761K, committed 96576K, reserved 1179648K
  class space    used 12924K, committed 13312K, reserved 1048576K
}
Event: 240.282 GC heap before
{Heap before GC invocations=24 (full 0):
 garbage-first heap   total reserved 6234112K, committed 90112K, used 74458K [0x0000000683800000, 0x0000000800000000)
  region size 4096K, 7 young (28672K), 1 survivors (4096K)
 Metaspace       used 95876K, committed 96704K, reserved 1179648K
  class space    used 12924K, committed 13312K, reserved 1048576K
}
Event: 240.285 GC heap after
{Heap after GC invocations=25 (full 0):
 garbage-first heap   total reserved 6234112K, committed 90112K, used 49073K [0x0000000683800000, 0x0000000800000000)
  region size 4096K, 1 young (4096K), 1 survivors (4096K)
 Metaspace       used 95876K, committed 96704K, reserved 1179648K
  class space    used 12924K, committed 13312K, reserved 1048576K
}

